{
  "stats": {
    "suites": 1,
    "tests": 1,
    "passes": 1,
    "pending": 0,
    "failures": 0,
    "start": "2024-06-02T18:21:41.117Z",
    "end": "2024-06-02T18:21:42.237Z",
    "duration": 1120,
    "testsRegistered": 1,
    "passPercent": 100,
    "pendingPercent": 0,
    "other": 0,
    "hasOther": false,
    "skipped": 0,
    "hasSkipped": false
  },
  "results": [
    {
      "uuid": "4eb97df3-922d-48e4-b5a1-060bccc7d767",
      "title": "",
      "fullFile": "C:\\Users\\Maksym_Khomenko\\Projects\\Exercise-API\\test.spec.js",
      "file": "\\test.spec.js",
      "beforeHooks": [],
      "afterHooks": [],
      "tests": [],
      "suites": [
        {
          "uuid": "0ee2fe73-c01c-4f9b-8007-5b60dc8062ed",
          "title": "API test suit",
          "fullFile": "C:\\Users\\Maksym_Khomenko\\Projects\\Exercise-API\\test.spec.js",
          "file": "\\test.spec.js",
          "beforeHooks": [],
          "afterHooks": [],
          "tests": [
            {
              "title": "GET post/1",
              "fullTitle": "API test suit GET post/1",
              "timedOut": false,
              "duration": 1115,
              "state": "passed",
              "speed": "slow",
              "pass": true,
              "fail": false,
              "pending": false,
              "context": null,
              "code": "const response = await axios({\n  url: 'https://api.unsplash.com/',\n  method: 'get'\n});\nconsole.log(response.data);\nconsole.log(response.status);",
              "err": {},
              "uuid": "aa4c5042-f0d7-4cf7-8ea9-c5816ece4003",
              "parentUUID": "0ee2fe73-c01c-4f9b-8007-5b60dc8062ed",
              "isHook": false,
              "skipped": false
            }
          ],
          "suites": [],
          "passes": [
            "aa4c5042-f0d7-4cf7-8ea9-c5816ece4003"
          ],
          "failures": [],
          "pending": [],
          "skipped": [],
          "duration": 1115,
          "root": false,
          "rootEmpty": false,
          "_timeout": 2000
        }
      ],
      "passes": [],
      "failures": [],
      "pending": [],
      "skipped": [],
      "duration": 0,
      "root": true,
      "rootEmpty": true,
      "_timeout": 2000
    }
  ],
  "meta": {
    "mocha": {
      "version": "10.4.0"
    },
    "mochawesome": {
      "options": {
        "quiet": false,
        "reportFilename": "mochawesome",
        "saveHtml": true,
        "saveJson": true,
        "consoleReporter": "spec",
        "useInlineDiffs": false,
        "code": true
      },
      "version": "7.1.3"
    },
    "marge": {
      "options": null,
      "version": "6.2.0"
    }
  }
}